<?xml version="1.0" encoding="UTF-8"?>
<testsuite xmlns:xsi="http://www.w3.org/2001/XMLSchema-instance" xsi:noNamespaceSchemaLocation="https://maven.apache.org/surefire/maven-surefire-plugin/xsd/surefire-test-report.xsd" version="3.0.2" name="com.example.hopeproject.HopeProjectApplicationTests" time="8.507" tests="1" errors="0" skipped="0" failures="0">
  <properties>
[...]
</properties>
  <testcase name="contextLoads" classname="com.example.hopeproject.HopeProjectApplicationTests" time="0.71">
    <system-out><![CDATA[16:46:49.285 [main] INFO org.springframework.test.context.support.AnnotationConfigContextLoaderUtils -- Could not detect default configuration classes for test class [com.example.hopeproject.HopeProjectApplicationTests]: HopeProjectApplicationTests does not declare any static, non-private, non-final, nested classes annotated with @Configuration.
16:46:49.533 [main] INFO org.springframework.boot.test.context.SpringBootTestContextBootstrapper -- Found @SpringBootConfiguration com.example.hopeproject.HopeProjectApplication for test class com.example.hopeproject.HopeProjectApplicationTests

  .   ____          _            __ _ _
 /\\ / ___'_ __ _ _(_)_ __  __ _ \ \ \ \
( ( )\___ | '_ | '_| | '_ \/ _` | \ \ \ \
 \\/  ___)| |_)| | | | | || (_| |  ) ) ) )
  '  |____| .__|_| |_|_| |_\__, | / / / /
 =========|_|==============|___/=/_/_/_/

 :: Spring Boot ::                (v3.4.0)

2025-01-16T16:46:50.077+01:00  INFO 78766 --- [HopeProject] [           main] c.e.h.HopeProjectApplicationTests        : Starting HopeProjectApplicationTests using Java 23.0.1 with PID 78766 (started by fatousamba in /Users/fatousamba/Documents/HopeProject)
2025-01-16T16:46:50.079+01:00  INFO 78766 --- [HopeProject] [           main] c.e.h.HopeProjectApplicationTests        : No active profile set, falling back to 1 default profile: "default"
2025-01-16T16:46:51.624+01:00  INFO 78766 --- [HopeProject] [           main] .s.d.r.c.RepositoryConfigurationDelegate : Bootstrapping Spring Data JPA repositories in DEFAULT mode.
2025-01-16T16:46:51.709+01:00  INFO 78766 --- [HopeProject] [           main] .s.d.r.c.RepositoryConfigurationDelegate : Finished Spring Data repository scanning in 72 ms. Found 3 JPA repository interfaces.
2025-01-16T16:46:52.556+01:00  INFO 78766 --- [HopeProject] [           main] o.hibernate.jpa.internal.util.LogHelper  : HHH000204: Processing PersistenceUnitInfo [name: default]
2025-01-16T16:46:52.599+01:00  INFO 78766 --- [HopeProject] [           main] org.hibernate.Version                    : HHH000412: Hibernate ORM core version 6.6.2.Final
2025-01-16T16:46:52.632+01:00  INFO 78766 --- [HopeProject] [           main] o.h.c.internal.RegionFactoryInitiator    : HHH000026: Second-level cache disabled
2025-01-16T16:46:53.093+01:00  INFO 78766 --- [HopeProject] [           main] o.s.o.j.p.SpringPersistenceUnitInfo      : No LoadTimeWeaver setup: ignoring JPA class transformer
2025-01-16T16:46:53.128+01:00  INFO 78766 --- [HopeProject] [           main] com.zaxxer.hikari.HikariDataSource       : HikariPool-1 - Starting...
2025-01-16T16:46:53.273+01:00  INFO 78766 --- [HopeProject] [           main] com.zaxxer.hikari.pool.HikariPool        : HikariPool-1 - Added connection org.mariadb.jdbc.Connection@57f0bfc3
2025-01-16T16:46:53.274+01:00  INFO 78766 --- [HopeProject] [           main] com.zaxxer.hikari.HikariDataSource       : HikariPool-1 - Start completed.
2025-01-16T16:46:53.339+01:00  INFO 78766 --- [HopeProject] [           main] org.hibernate.orm.connections.pooling    : HHH10001005: Database info:
	Database JDBC URL [Connecting through datasource 'HikariDataSource (HikariPool-1)']
	Database driver: undefined/unknown
	Database version: 10.4.28
	Autocommit mode: undefined/unknown
	Isolation level: undefined/unknown
	Minimum pool size: undefined/unknown
	Maximum pool size: undefined/unknown
2025-01-16T16:46:54.227+01:00  INFO 78766 --- [HopeProject] [           main] o.h.e.t.j.p.i.JtaPlatformInitiator       : HHH000489: No JTA platform available (set 'hibernate.transaction.jta.platform' to enable JTA platform integration)
2025-01-16T16:46:54.281+01:00  INFO 78766 --- [HopeProject] [           main] j.LocalContainerEntityManagerFactoryBean : Initialized JPA EntityManagerFactory for persistence unit 'default'
2025-01-16T16:46:54.891+01:00  INFO 78766 --- [HopeProject] [           main] o.s.d.j.r.query.QueryEnhancerFactory     : Hibernate is in classpath; If applicable, HQL parser will be used.
2025-01-16T16:46:55.795+01:00  WARN 78766 --- [HopeProject] [           main] JpaBaseConfiguration$JpaWebConfiguration : spring.jpa.open-in-view is enabled by default. Therefore, database queries may be performed during view rendering. Explicitly configure spring.jpa.open-in-view to disable this warning
2025-01-16T16:46:55.841+01:00  INFO 78766 --- [HopeProject] [           main] r$InitializeUserDetailsManagerConfigurer : Global AuthenticationManager configured with UserDetailsService bean with name customUserDetailsService
2025-01-16T16:46:56.798+01:00  INFO 78766 --- [HopeProject] [           main] c.e.h.HopeProjectApplicationTests        : Started HopeProjectApplicationTests in 7.124 seconds (process running for 8.619)
]]></system-out>
    <system-err><![CDATA[Mockito is currently self-attaching to enable the inline-mock-maker. This will no longer work in future releases of the JDK. Please add Mockito as an agent to your build what is described in Mockito's documentation: https://javadoc.io/doc/org.mockito/mockito-core/latest/org/mockito/Mockito.html#0.3
WARNING: A Java agent has been loaded dynamically (/Users/fatousamba/.m2/repository/net/bytebuddy/byte-buddy-agent/1.15.10/byte-buddy-agent-1.15.10.jar)
WARNING: If a serviceability tool is in use, please run with -XX:+EnableDynamicAgentLoading to hide this warning
WARNING: If a serviceability tool is not in use, please run with -Djdk.instrument.traceUsage for more information
WARNING: Dynamic loading of agents will be disallowed by default in a future release
]]></system-err>
  </testcase>
</testsuite>